12:16:30 **** Build of configuration Debug for project ECE4220_Lab5 ****
make all 
Building file: ../src/ECE4220_Lab5.cpp
Invoking: GCC C++ Compiler
g++ -O0 -g3 -Wall -c -fmessage-length=0 -MMD -MP -MF"src/ECE4220_Lab5.d" -MT"src/ECE4220_Lab5.d" -o "src/ECE4220_Lab5.o" "../src/ECE4220_Lab5.cpp"
Finished building: ../src/ECE4220_Lab5.cpp
 
Building target: ECE4220_Lab5
Invoking: GCC C++ Linker
g++  -o "ECE4220_Lab5"  ./src/ECE4220_Lab5.o   
Finished building target: ECE4220_Lab5
 
12:27:38 **** Incremental Build of configuration Debug for project ECE4220_Lab5 ****
make all 
Building file: ../src/ECE4220_Lab5.cpp
Invoking: GCC C++ Compiler
g++ -O0 -g3 -Wall -c -fmessage-length=0 -MMD -MP -MF"src/ECE4220_Lab5.d" -MT"src/ECE4220_Lab5.d" -o "src/ECE4220_Lab5.o" "../src/ECE4220_Lab5.cpp"
Finished building: ../src/ECE4220_Lab5.cpp
 
Building target: ECE4220_Lab5
Invoking: GCC C++ Linker
g++  -o "ECE4220_Lab5"  ./src/ECE4220_Lab5.o   
Finished building target: ECE4220_Lab5
 
12:32:49 **** Incremental Build of configuration Debug for project ECE4220_Lab5 ****
make all 
Building file: ../src/ECE4220_Lab5.cpp
Invoking: GCC C++ Compiler
g++ -O0 -g3 -Wall -c -fmessage-length=0 -MMD -MP -MF"src/ECE4220_Lab5.d" -MT"src/ECE4220_Lab5.d" -o "src/ECE4220_Lab5.o" "../src/ECE4220_Lab5.cpp"
../src/ECE4220_Lab5.cpp: In function ‘int main(int, char**)’:
../src/ECE4220_Lab5.cpp:135:28: warning: unknown escape sequence: '\c'
   }else if(message.compare("VOTE\cr") == 0){
                            ^
Finished building: ../src/ECE4220_Lab5.cpp
 
Building target: ECE4220_Lab5
Invoking: GCC C++ Linker
g++  -o "ECE4220_Lab5"  ./src/ECE4220_Lab5.o   
Finished building target: ECE4220_Lab5
 
12:33:46 **** Incremental Build of configuration Debug for project ECE4220_Lab5 ****
make all 
Building file: ../src/ECE4220_Lab5.cpp
Invoking: GCC C++ Compiler
g++ -O0 -g3 -Wall -c -fmessage-length=0 -MMD -MP -MF"src/ECE4220_Lab5.d" -MT"src/ECE4220_Lab5.d" -o "src/ECE4220_Lab5.o" "../src/ECE4220_Lab5.cpp"
Finished building: ../src/ECE4220_Lab5.cpp
 
Building target: ECE4220_Lab5
Invoking: GCC C++ Linker
g++  -o "ECE4220_Lab5"  ./src/ECE4220_Lab5.o   
Finished building target: ECE4220_Lab5
 
12:40:23 **** Incremental Build of configuration Debug for project ECE4220_Lab5 ****
make all 
Building file: ../src/ECE4220_Lab5.cpp
Invoking: GCC C++ Compiler
g++ -O0 -g3 -Wall -c -fmessage-length=0 -MMD -MP -MF"src/ECE4220_Lab5.d" -MT"src/ECE4220_Lab5.d" -o "src/ECE4220_Lab5.o" "../src/ECE4220_Lab5.cpp"
Finished building: ../src/ECE4220_Lab5.cpp
 
Building target: ECE4220_Lab5
Invoking: GCC C++ Linker
g++  -o "ECE4220_Lab5"  ./src/ECE4220_Lab5.o   
Finished building target: ECE4220_Lab5
 
12:43:54 **** Incremental Build of configuration Debug for project ECE4220_Lab5 ****
make all 
Building file: ../src/ECE4220_Lab5.cpp
Invoking: GCC C++ Compiler
g++ -O0 -g3 -Wall -c -fmessage-length=0 -MMD -MP -MF"src/ECE4220_Lab5.d" -MT"src/ECE4220_Lab5.d" -o "src/ECE4220_Lab5.o" "../src/ECE4220_Lab5.cpp"
Finished building: ../src/ECE4220_Lab5.cpp
 
Building target: ECE4220_Lab5
Invoking: GCC C++ Linker
g++  -o "ECE4220_Lab5"  ./src/ECE4220_Lab5.o   
Finished building target: ECE4220_Lab5
 
12:45:16 **** Incremental Build of configuration Debug for project ECE4220_Lab5 ****
make all 
Building file: ../src/ECE4220_Lab5.cpp
Invoking: GCC C++ Compiler
g++ -O0 -g3 -Wall -c -fmessage-length=0 -MMD -MP -MF"src/ECE4220_Lab5.d" -MT"src/ECE4220_Lab5.d" -o "src/ECE4220_Lab5.o" "../src/ECE4220_Lab5.cpp"
Finished building: ../src/ECE4220_Lab5.cpp
 
Building target: ECE4220_Lab5
Invoking: GCC C++ Linker
g++  -o "ECE4220_Lab5"  ./src/ECE4220_Lab5.o   
Finished building target: ECE4220_Lab5
 
12:48:23 **** Incremental Build of configuration Debug for project ECE4220_Lab5 ****
make all 
Building file: ../src/ECE4220_Lab5.cpp
Invoking: GCC C++ Compiler
g++ -O0 -g3 -Wall -c -fmessage-length=0 -MMD -MP -MF"src/ECE4220_Lab5.d" -MT"src/ECE4220_Lab5.d" -o "src/ECE4220_Lab5.o" "../src/ECE4220_Lab5.cpp"
Finished building: ../src/ECE4220_Lab5.cpp
 
Building target: ECE4220_Lab5
Invoking: GCC C++ Linker
g++  -o "ECE4220_Lab5"  ./src/ECE4220_Lab5.o   
Finished building target: ECE4220_Lab5
 
12:51:52 **** Incremental Build of configuration Debug for project ECE4220_Lab5 ****
make all 
Building file: ../src/ECE4220_Lab5.cpp
Invoking: GCC C++ Compiler
g++ -O0 -g3 -Wall -c -fmessage-length=0 -MMD -MP -MF"src/ECE4220_Lab5.d" -MT"src/ECE4220_Lab5.d" -o "src/ECE4220_Lab5.o" "../src/ECE4220_Lab5.cpp"
Finished building: ../src/ECE4220_Lab5.cpp
 
Building target: ECE4220_Lab5
Invoking: GCC C++ Linker
g++  -o "ECE4220_Lab5"  ./src/ECE4220_Lab5.o   
Finished building target: ECE4220_Lab5
 
12:53:20 **** Incremental Build of configuration Debug for project ECE4220_Lab5 ****
make all 
Building file: ../src/ECE4220_Lab5.cpp
Invoking: GCC C++ Compiler
g++ -O0 -g3 -Wall -c -fmessage-length=0 -MMD -MP -MF"src/ECE4220_Lab5.d" -MT"src/ECE4220_Lab5.d" -o "src/ECE4220_Lab5.o" "../src/ECE4220_Lab5.cpp"
Finished building: ../src/ECE4220_Lab5.cpp
 
Building target: ECE4220_Lab5
Invoking: GCC C++ Linker
g++  -o "ECE4220_Lab5"  ./src/ECE4220_Lab5.o   
Finished building target: ECE4220_Lab5
 
13:00:33 **** Incremental Build of configuration Debug for project ECE4220_Lab5 ****
make all 
Building file: ../src/ECE4220_Lab5.cpp
Invoking: GCC C++ Compiler
g++ -O0 -g3 -Wall -c -fmessage-length=0 -MMD -MP -MF"src/ECE4220_Lab5.d" -MT"src/ECE4220_Lab5.d" -o "src/ECE4220_Lab5.o" "../src/ECE4220_Lab5.cpp"
../src/ECE4220_Lab5.cpp: In function ‘int main(int, char**)’:
../src/ECE4220_Lab5.cpp:146:32: error: invalid conversion from ‘const char*’ to ‘char*’ [-fpermissive]
src/subdir.mk:18: recipe for target 'src/ECE4220_Lab5.o' failed
    char * sending = send.c_str();
                                ^
make: *** [src/ECE4220_Lab5.o] Error 1
13:01:11 **** Incremental Build of configuration Debug for project ECE4220_Lab5 ****
make all 
Building file: ../src/ECE4220_Lab5.cpp
Invoking: GCC C++ Compiler
g++ -O0 -g3 -Wall -c -fmessage-length=0 -MMD -MP -MF"src/ECE4220_Lab5.d" -MT"src/ECE4220_Lab5.d" -o "src/ECE4220_Lab5.o" "../src/ECE4220_Lab5.cpp"
Finished building: ../src/ECE4220_Lab5.cpp
 
Building target: ECE4220_Lab5
Invoking: GCC C++ Linker
g++  -o "ECE4220_Lab5"  ./src/ECE4220_Lab5.o   
Finished building target: ECE4220_Lab5
 
13:50:49 **** Incremental Build of configuration Debug for project ECE4220_Lab5 ****
make all 
Building file: ../src/ECE4220_Lab5.cpp
Invoking: GCC C++ Compiler
g++ -O0 -g3 -Wall -c -fmessage-length=0 -MMD -MP -MF"src/ECE4220_Lab5.d" -MT"src/ECE4220_Lab5.d" -o "src/ECE4220_Lab5.o" "../src/ECE4220_Lab5.cpp"
../src/ECE4220_Lab5.cpp: In function ‘int main(int, char**)’:
../src/ECE4220_Lab5.cpp:127:67: error: invalid conversion from ‘sockaddr*’ to ‘int’ [-fpermissive]
     n = sendto(sock, sending, 0, (struct sockaddr *)&from, fromlen);
src/subdir.mk:18: recipe for target 'src/ECE4220_Lab5.o' failed
                                                                   ^
../src/ECE4220_Lab5.cpp:127:67: error: invalid conversion from ‘socklen_t {aka unsigned int}’ to ‘const sockaddr*’ [-fpermissive]
../src/ECE4220_Lab5.cpp:127:67: error: too few arguments to function ‘ssize_t sendto(int, const void*, size_t, int, const sockaddr*, socklen_t)’
In file included from ../src/ECE4220_Lab5.cpp:15:0:
/usr/include/arm-linux-gnueabihf/sys/socket.h:163:16: note: declared here
 extern ssize_t sendto (int __fd, const void *__buf, size_t __n,
                ^
make: *** [src/ECE4220_Lab5.o] Error 1
13:51:49 **** Incremental Build of configuration Debug for project ECE4220_Lab5 ****
make all 
Building file: ../src/ECE4220_Lab5.cpp
Invoking: GCC C++ Compiler
g++ -O0 -g3 -Wall -c -fmessage-length=0 -MMD -MP -MF"src/ECE4220_Lab5.d" -MT"src/ECE4220_Lab5.d" -o "src/ECE4220_Lab5.o" "../src/ECE4220_Lab5.cpp"
Finished building: ../src/ECE4220_Lab5.cpp
 
Building target: ECE4220_Lab5
Invoking: GCC C++ Linker
g++  -o "ECE4220_Lab5"  ./src/ECE4220_Lab5.o   
Finished building target: ECE4220_Lab5
 
13:52:42 **** Incremental Build of configuration Debug for project ECE4220_Lab5 ****
make all 
Building file: ../src/ECE4220_Lab5.cpp
Invoking: GCC C++ Compiler
g++ -O0 -g3 -Wall -c -fmessage-length=0 -MMD -MP -MF"src/ECE4220_Lab5.d" -MT"src/ECE4220_Lab5.d" -o "src/ECE4220_Lab5.o" "../src/ECE4220_Lab5.cpp"
Finished building: ../src/ECE4220_Lab5.cpp
 
Building target: ECE4220_Lab5
Invoking: GCC C++ Linker
g++  -o "ECE4220_Lab5"  ./src/ECE4220_Lab5.o   
Finished building target: ECE4220_Lab5
 
13:53:49 **** Incremental Build of configuration Debug for project ECE4220_Lab5 ****
make all 
Building file: ../src/ECE4220_Lab5.cpp
Invoking: GCC C++ Compiler
g++ -O0 -g3 -Wall -c -fmessage-length=0 -MMD -MP -MF"src/ECE4220_Lab5.d" -MT"src/ECE4220_Lab5.d" -o "src/ECE4220_Lab5.o" "../src/ECE4220_Lab5.cpp"
Finished building: ../src/ECE4220_Lab5.cpp
 
Building target: ECE4220_Lab5
Invoking: GCC C++ Linker
g++  -o "ECE4220_Lab5"  ./src/ECE4220_Lab5.o   
Finished building target: ECE4220_Lab5
 
13:56:32 **** Incremental Build of configuration Debug for project ECE4220_Lab5 ****
make all 
Building file: ../src/ECE4220_Lab5.cpp
Invoking: GCC C++ Compiler
g++ -O0 -g3 -Wall -c -fmessage-length=0 -MMD -MP -MF"src/ECE4220_Lab5.d" -MT"src/ECE4220_Lab5.d" -o "src/ECE4220_Lab5.o" "../src/ECE4220_Lab5.cpp"
Finished building: ../src/ECE4220_Lab5.cpp
 
Building target: ECE4220_Lab5
Invoking: GCC C++ Linker
g++  -o "ECE4220_Lab5"  ./src/ECE4220_Lab5.o   
Finished building target: ECE4220_Lab5
 
14:01:19 **** Build of configuration Debug for project ECE4220_Lab5 ****
make all 
Building file: ../src/ECE4220_Lab5.cpp
Invoking: GCC C++ Compiler
g++ -O0 -g3 -Wall -c -fmessage-length=0 -MMD -MP -MF"src/ECE4220_Lab5.d" -MT"src/ECE4220_Lab5.d" -o "src/ECE4220_Lab5.o" "../src/ECE4220_Lab5.cpp"
../src/ECE4220_Lab5.cpp:29:3: error: ‘string’ does not name a type
   string theIP;
   ^
../src/ECE4220_Lab5.cpp: In function ‘int main(int, char**)’:
../src/ECE4220_Lab5.cpp:103:5: error: ‘struct station’ has no member named ‘theIP’
src/subdir.mk:18: recipe for target 'src/ECE4220_Lab5.o' failed
  me.theIP = myIp;
     ^
../src/ECE4220_Lab5.cpp: In function ‘int processMessage(char*)’:
../src/ECE4220_Lab5.cpp:211:13: error: ‘struct station’ has no member named ‘theIP’
      master.theIP = supposedIP;
             ^
../src/ECE4220_Lab5.cpp:215:36: error: ‘struct station’ has no member named ‘theIP’
      if(supposedIP.size() > master.theIP.size()){
                                    ^
../src/ECE4220_Lab5.cpp:217:15: error: ‘struct station’ has no member named ‘theIP’
        master.theIP = supposedIP;
               ^
../src/ECE4220_Lab5.cpp:218:42: error: ‘struct station’ has no member named ‘theIP’
      }else if(supposedIP.size() < master.theIP.size()){
                                          ^
../src/ECE4220_Lab5.cpp:220:35: error: ‘struct station’ has no member named ‘theIP’
      }else if(supposedIP > master.theIP){
                                   ^
../src/ECE4220_Lab5.cpp:221:15: error: ‘struct station’ has no member named ‘theIP’
        master.theIP = supposedIP;
               ^
../src/ECE4220_Lab5.cpp:229:16: error: ‘struct station’ has no member named ‘theIP’
      if(master.theIP == me.theIP){
                ^
../src/ECE4220_Lab5.cpp:229:28: error: ‘struct station’ has no member named ‘theIP’
      if(master.theIP == me.theIP){
                            ^
../src/ECE4220_Lab5.cpp:232:44: error: expected primary-expression before ‘<<’ token
       cout<<"\nI am not the master!"<<endl;<<endl;
                                            ^
make: *** [src/ECE4220_Lab5.o] Error 1
14:02:39 **** Incremental Build of configuration Debug for project ECE4220_Lab5 ****
make all 
Building file: ../src/ECE4220_Lab5.cpp
Invoking: GCC C++ Compiler
g++ -O0 -g3 -Wall -c -fmessage-length=0 -MMD -MP -MF"src/ECE4220_Lab5.d" -MT"src/ECE4220_Lab5.d" -o "src/ECE4220_Lab5.o" "../src/ECE4220_Lab5.cpp"
../src/ECE4220_Lab5.cpp: In function ‘int processMessage(char*)’:
../src/ECE4220_Lab5.cpp:233:44: error: expected primary-expression before ‘<<’ token
       cout<<"\nI am not the master!"<<endl;<<endl;
src/subdir.mk:18: recipe for target 'src/ECE4220_Lab5.o' failed
                                            ^
make: *** [src/ECE4220_Lab5.o] Error 1
14:03:11 **** Incremental Build of configuration Debug for project ECE4220_Lab5 ****
make all 
Building file: ../src/ECE4220_Lab5.cpp
Invoking: GCC C++ Compiler
g++ -O0 -g3 -Wall -c -fmessage-length=0 -MMD -MP -MF"src/ECE4220_Lab5.d" -MT"src/ECE4220_Lab5.d" -o "src/ECE4220_Lab5.o" "../src/ECE4220_Lab5.cpp"
Finished building: ../src/ECE4220_Lab5.cpp
 
Building target: ECE4220_Lab5
Invoking: GCC C++ Linker
g++  -o "ECE4220_Lab5"  ./src/ECE4220_Lab5.o   
Finished building target: ECE4220_Lab5
 
14:04:59 **** Incremental Build of configuration Debug for project ECE4220_Lab5 ****
make all 
Building file: ../src/ECE4220_Lab5.cpp
Invoking: GCC C++ Compiler
g++ -O0 -g3 -Wall -c -fmessage-length=0 -MMD -MP -MF"src/ECE4220_Lab5.d" -MT"src/ECE4220_Lab5.d" -o "src/ECE4220_Lab5.o" "../src/ECE4220_Lab5.cpp"
Finished building: ../src/ECE4220_Lab5.cpp
 
Building target: ECE4220_Lab5
Invoking: GCC C++ Linker
g++  -o "ECE4220_Lab5"  ./src/ECE4220_Lab5.o   
Finished building target: ECE4220_Lab5
 
14:16:29 **** Incremental Build of configuration Debug for project ECE4220_Lab5 ****
make all 
Building file: ../src/ECE4220_Lab5.cpp
Invoking: GCC C++ Compiler
g++ -O0 -g3 -Wall -c -fmessage-length=0 -MMD -MP -MF"src/ECE4220_Lab5.d" -MT"src/ECE4220_Lab5.d" -o "src/ECE4220_Lab5.o" "../src/ECE4220_Lab5.cpp"
Finished building: ../src/ECE4220_Lab5.cpp
 
Building target: ECE4220_Lab5
Invoking: GCC C++ Linker
g++  -o "ECE4220_Lab5"  ./src/ECE4220_Lab5.o   
Finished building target: ECE4220_Lab5
 
15:12:44 **** Incremental Build of configuration Debug for project ECE4220_Lab5 ****
make all 
Building file: ../src/ECE4220_Lab5.cpp
Invoking: GCC C++ Compiler
g++ -O0 -g3 -Wall -c -fmessage-length=0 -MMD -MP -MF"src/ECE4220_Lab5.d" -MT"src/ECE4220_Lab5.d" -o "src/ECE4220_Lab5.o" "../src/ECE4220_Lab5.cpp"
Finished building: ../src/ECE4220_Lab5.cpp
 
Building target: ECE4220_Lab5
Invoking: GCC C++ Linker
g++  -o "ECE4220_Lab5"  ./src/ECE4220_Lab5.o   
Finished building target: ECE4220_Lab5
 
13:06:58 **** Build of configuration Debug for project LAB6 ****
make all 
Building file: ../src/LAB6.cpp
Invoking: GCC C++ Compiler
g++ -O0 -g3 -Wall -c -fmessage-length=0 -MMD -MP -MF"src/LAB6.d" -MT"src/LAB6.d" -o "src/LAB6.o" "../src/LAB6.cpp"
../src/LAB6.cpp: In function ‘int main(int, char**)’:
../src/LAB6.cpp:181:26: error: could not convert ‘message.std::basic_string<_CharT, _Traits, _Alloc>::operator=<char, std::char_traits<char>, std::allocator<char> >(((const char*)"@A"))’ from ‘std::basic_string<char>’ to ‘bool’
src/subdir.mk:18: recipe for target 'src/LAB6.o' failed
   }else if(message = "@A"){
                          ^
../src/LAB6.cpp:183:19: error: incompatible types in assignment of ‘const char [3]’ to ‘char [40]’
    charDevMessage = "@A";
                   ^
../src/LAB6.cpp:187:26: error: could not convert ‘message.std::basic_string<_CharT, _Traits, _Alloc>::operator=<char, std::char_traits<char>, std::allocator<char> >(((const char*)"@B"))’ from ‘std::basic_string<char>’ to ‘bool’
   }else if(message = "@B"){
                          ^
../src/LAB6.cpp:189:19: error: incompatible types in assignment of ‘const char [3]’ to ‘char [40]’
    charDevMessage = "@B";
                   ^
../src/LAB6.cpp:193:26: error: could not convert ‘message.std::basic_string<_CharT, _Traits, _Alloc>::operator=<char, std::char_traits<char>, std::allocator<char> >(((const char*)"@C"))’ from ‘std::basic_string<char>’ to ‘bool’
   }else if(message = "@C"){
                          ^
../src/LAB6.cpp:195:19: error: incompatible types in assignment of ‘const char [3]’ to ‘char [40]’
    charDevMessage = "@C";
                   ^
../src/LAB6.cpp:199:26: error: could not convert ‘message.std::basic_string<_CharT, _Traits, _Alloc>::operator=<char, std::char_traits<char>, std::allocator<char> >(((const char*)"@D"))’ from ‘std::basic_string<char>’ to ‘bool’
   }else if(message = "@D"){
                          ^
../src/LAB6.cpp:201:19: error: incompatible types in assignment of ‘const char [3]’ to ‘char [40]’
    charDevMessage = "@D";
                   ^
../src/LAB6.cpp:205:26: error: could not convert ‘message.std::basic_string<_CharT, _Traits, _Alloc>::operator=<char, std::char_traits<char>, std::allocator<char> >(((const char*)"@E"))’ from ‘std::basic_string<char>’ to ‘bool’
   }else if(message = "@E"){
                          ^
../src/LAB6.cpp:207:19: error: incompatible types in assignment of ‘const char [3]’ to ‘char [40]’
    charDevMessage = "@E";
                   ^
../src/LAB6.cpp: In function ‘void writeToCharacterDevice(char*)’:
../src/LAB6.cpp:302:3: error: break statement not within loop or switch
   break;
   ^
make: *** [src/LAB6.o] Error 1
